[2025-03-26T01:33:20.536+0000] {local_task_job_runner.py:120} INFO - ::group::Pre task execution logs
[2025-03-26T01:33:20.593+0000] {taskinstance.py:2076} INFO - Dependencies all met for dep_context=non-requeueable deps ti=<TaskInstance: api_to_s3_to_clickhouse.create_clickhouse_table manual__2025-03-26T01:30:17.659151+00:00 [queued]>
[2025-03-26T01:33:20.608+0000] {taskinstance.py:2076} INFO - Dependencies all met for dep_context=requeueable deps ti=<TaskInstance: api_to_s3_to_clickhouse.create_clickhouse_table manual__2025-03-26T01:30:17.659151+00:00 [queued]>
[2025-03-26T01:33:20.608+0000] {taskinstance.py:2306} INFO - Starting attempt 1 of 2
[2025-03-26T01:33:20.632+0000] {taskinstance.py:2330} INFO - Executing <Task(PythonOperator): create_clickhouse_table> on 2025-03-26 01:30:17.659151+00:00
[2025-03-26T01:33:20.648+0000] {standard_task_runner.py:90} INFO - Running: ['***', 'tasks', 'run', 'api_to_s3_to_clickhouse', 'create_clickhouse_table', 'manual__2025-03-26T01:30:17.659151+00:00', '--job-id', '30', '--raw', '--subdir', 'DAGS_FOLDER/extract.py', '--cfg-path', '/tmp/tmp8c86czuu']
[2025-03-26T01:33:20.653+0000] {standard_task_runner.py:91} INFO - Job 30: Subtask create_clickhouse_table
[2025-03-26T01:33:20.654+0000] {logging_mixin.py:188} WARNING - /home/***/.local/lib/python3.12/site-packages/***/task/task_runner/standard_task_runner.py:61 DeprecationWarning: This process (pid=338) is multi-threaded, use of fork() may lead to deadlocks in the child.
[2025-03-26T01:33:20.655+0000] {standard_task_runner.py:63} INFO - Started process 353 to run task
[2025-03-26T01:33:20.746+0000] {task_command.py:426} INFO - Running <TaskInstance: api_to_s3_to_clickhouse.create_clickhouse_table manual__2025-03-26T01:30:17.659151+00:00 [running]> on host 7ea2041f8442
[2025-03-26T01:33:20.892+0000] {taskinstance.py:2648} INFO - Exporting env vars: AIRFLOW_CTX_DAG_OWNER='***' AIRFLOW_CTX_DAG_ID='api_to_s3_to_clickhouse' AIRFLOW_CTX_TASK_ID='create_clickhouse_table' AIRFLOW_CTX_EXECUTION_DATE='2025-03-26T01:30:17.659151+00:00' AIRFLOW_CTX_TRY_NUMBER='1' AIRFLOW_CTX_DAG_RUN_ID='manual__2025-03-26T01:30:17.659151+00:00'
[2025-03-26T01:33:20.893+0000] {taskinstance.py:430} INFO - ::endgroup::
[2025-03-26T01:33:20.973+0000] {credentials.py:1147} INFO - Found credentials in environment variables.
[2025-03-26T01:33:23.753+0000] {logging_mixin.py:188} INFO - ✅ Downloaded from S3: /tmp/all_college_data.json
[2025-03-26T01:33:23.827+0000] {logging_mixin.py:188} INFO - ✅ ClickHouse table created with dynamic column types
[2025-03-26T01:33:23.832+0000] {python.py:237} INFO - Done. Returned value was: None
[2025-03-26T01:33:23.832+0000] {taskinstance.py:441} INFO - ::group::Post task execution logs
[2025-03-26T01:33:23.845+0000] {taskinstance.py:1206} INFO - Marking task as SUCCESS. dag_id=api_to_s3_to_clickhouse, task_id=create_clickhouse_table, run_id=manual__2025-03-26T01:30:17.659151+00:00, execution_date=20250326T013017, start_date=20250326T013320, end_date=20250326T013323
[2025-03-26T01:33:23.882+0000] {local_task_job_runner.py:240} INFO - Task exited with return code 0
[2025-03-26T01:33:23.911+0000] {taskinstance.py:3503} INFO - 1 downstream tasks scheduled from follow-on schedule check
[2025-03-26T01:33:23.917+0000] {local_task_job_runner.py:222} INFO - ::endgroup::
