[2025-03-26T02:03:48.569+0000] {local_task_job_runner.py:120} INFO - ::group::Pre task execution logs
[2025-03-26T02:03:48.633+0000] {taskinstance.py:2076} INFO - Dependencies all met for dep_context=non-requeueable deps ti=<TaskInstance: api_to_s3_to_clickhouse.load_into_clickhouse manual__2025-03-26T01:54:04.778249+00:00 [queued]>
[2025-03-26T02:03:48.647+0000] {taskinstance.py:2076} INFO - Dependencies all met for dep_context=requeueable deps ti=<TaskInstance: api_to_s3_to_clickhouse.load_into_clickhouse manual__2025-03-26T01:54:04.778249+00:00 [queued]>
[2025-03-26T02:03:48.648+0000] {taskinstance.py:2306} INFO - Starting attempt 2 of 2
[2025-03-26T02:03:48.671+0000] {taskinstance.py:2330} INFO - Executing <Task(PythonOperator): load_into_clickhouse> on 2025-03-26 01:54:04.778249+00:00
[2025-03-26T02:03:48.683+0000] {standard_task_runner.py:90} INFO - Running: ['***', 'tasks', 'run', 'api_to_s3_to_clickhouse', 'load_into_clickhouse', 'manual__2025-03-26T01:54:04.778249+00:00', '--job-id', '41', '--raw', '--subdir', 'DAGS_FOLDER/extract.py', '--cfg-path', '/tmp/tmps2clbvkr']
[2025-03-26T02:03:48.688+0000] {standard_task_runner.py:91} INFO - Job 41: Subtask load_into_clickhouse
[2025-03-26T02:03:48.690+0000] {logging_mixin.py:188} WARNING - /home/***/.local/lib/python3.12/site-packages/***/task/task_runner/standard_task_runner.py:61 DeprecationWarning: This process (pid=628) is multi-threaded, use of fork() may lead to deadlocks in the child.
[2025-03-26T02:03:48.691+0000] {standard_task_runner.py:63} INFO - Started process 643 to run task
[2025-03-26T02:03:48.754+0000] {task_command.py:426} INFO - Running <TaskInstance: api_to_s3_to_clickhouse.load_into_clickhouse manual__2025-03-26T01:54:04.778249+00:00 [running]> on host 7ea2041f8442
[2025-03-26T02:03:48.884+0000] {taskinstance.py:2648} INFO - Exporting env vars: AIRFLOW_CTX_DAG_OWNER='***' AIRFLOW_CTX_DAG_ID='api_to_s3_to_clickhouse' AIRFLOW_CTX_TASK_ID='load_into_clickhouse' AIRFLOW_CTX_EXECUTION_DATE='2025-03-26T01:54:04.778249+00:00' AIRFLOW_CTX_TRY_NUMBER='2' AIRFLOW_CTX_DAG_RUN_ID='manual__2025-03-26T01:54:04.778249+00:00'
[2025-03-26T02:03:48.885+0000] {taskinstance.py:430} INFO - ::endgroup::
[2025-03-26T02:03:48.958+0000] {credentials.py:1147} INFO - Found credentials in environment variables.
[2025-03-26T02:03:51.884+0000] {logging_mixin.py:188} INFO - ✅ Downloaded from S3: /tmp/all_college_data.json
[2025-03-26T02:03:51.966+0000] {taskinstance.py:441} INFO - ::group::Post task execution logs
[2025-03-26T02:03:51.967+0000] {taskinstance.py:2905} ERROR - Task failed with exception
Traceback (most recent call last):
  File "/home/airflow/.local/lib/python3.12/site-packages/airflow/models/taskinstance.py", line 465, in _execute_task
    result = _execute_callable(context=context, **execute_callable_kwargs)
             ^^^^^^^^^^^^^^^^^^^^^^^^^^^^^^^^^^^^^^^^^^^^^^^^^^^^^^^^^^^^^
  File "/home/airflow/.local/lib/python3.12/site-packages/airflow/models/taskinstance.py", line 432, in _execute_callable
    return execute_callable(context=context, **execute_callable_kwargs)
           ^^^^^^^^^^^^^^^^^^^^^^^^^^^^^^^^^^^^^^^^^^^^^^^^^^^^^^^^^^^^
  File "/home/airflow/.local/lib/python3.12/site-packages/airflow/models/baseoperator.py", line 401, in wrapper
    return func(self, *args, **kwargs)
           ^^^^^^^^^^^^^^^^^^^^^^^^^^^
  File "/home/airflow/.local/lib/python3.12/site-packages/airflow/operators/python.py", line 235, in execute
    return_value = self.execute_callable()
                   ^^^^^^^^^^^^^^^^^^^^^^^
  File "/home/airflow/.local/lib/python3.12/site-packages/airflow/operators/python.py", line 252, in execute_callable
    return self.python_callable(*self.op_args, **self.op_kwargs)
           ^^^^^^^^^^^^^^^^^^^^^^^^^^^^^^^^^^^^^^^^^^^^^^^^^^^^^
  File "/opt/airflow/dags/extract.py", line 158, in load_into_clickhouse
    client.insert("college_data", formatted_data, column_names=column_names)
  File "/home/airflow/.local/lib/python3.12/site-packages/clickhouse_connect/driver/client.py", line 624, in insert
    context = self.create_insert_context(table,
              ^^^^^^^^^^^^^^^^^^^^^^^^^^^^^^^^^
  File "/home/airflow/.local/lib/python3.12/site-packages/clickhouse_connect/driver/client.py", line 741, in create_insert_context
    raise ProgrammingError(f'Unrecognized column {ex} in table {table}') from None
clickhouse_connect.driver.exceptions.ProgrammingError: Unrecognized column 'school_name' in table college_data
[2025-03-26T02:03:51.980+0000] {taskinstance.py:1206} INFO - Marking task as FAILED. dag_id=api_to_s3_to_clickhouse, task_id=load_into_clickhouse, run_id=manual__2025-03-26T01:54:04.778249+00:00, execution_date=20250326T015404, start_date=20250326T020348, end_date=20250326T020351
[2025-03-26T02:03:52.001+0000] {standard_task_runner.py:110} ERROR - Failed to execute job 41 for task load_into_clickhouse (Unrecognized column 'school_name' in table college_data; 643)
[2025-03-26T02:03:52.040+0000] {local_task_job_runner.py:240} INFO - Task exited with return code 1
[2025-03-26T02:03:52.071+0000] {taskinstance.py:3503} INFO - 0 downstream tasks scheduled from follow-on schedule check
[2025-03-26T02:03:52.076+0000] {local_task_job_runner.py:222} INFO - ::endgroup::
