[2025-03-26T03:01:41.000+0000] {local_task_job_runner.py:120} INFO - ::group::Pre task execution logs
[2025-03-26T03:01:41.063+0000] {taskinstance.py:2076} INFO - Dependencies all met for dep_context=non-requeueable deps ti=<TaskInstance: api_to_s3_to_clickhouse.upload_to_s3 manual__2025-03-26T02:58:01.240688+00:00 [queued]>
[2025-03-26T03:01:41.084+0000] {taskinstance.py:2076} INFO - Dependencies all met for dep_context=requeueable deps ti=<TaskInstance: api_to_s3_to_clickhouse.upload_to_s3 manual__2025-03-26T02:58:01.240688+00:00 [queued]>
[2025-03-26T03:01:41.085+0000] {taskinstance.py:2306} INFO - Starting attempt 1 of 2
[2025-03-26T03:01:41.119+0000] {taskinstance.py:2330} INFO - Executing <Task(PythonOperator): upload_to_s3> on 2025-03-26 02:58:01.240688+00:00
[2025-03-26T03:01:41.139+0000] {standard_task_runner.py:90} INFO - Running: ['***', 'tasks', 'run', 'api_to_s3_to_clickhouse', 'upload_to_s3', 'manual__2025-03-26T02:58:01.240688+00:00', '--job-id', '57', '--raw', '--subdir', 'DAGS_FOLDER/extract.py', '--cfg-path', '/tmp/tmppovev2rg']
[2025-03-26T03:01:41.144+0000] {standard_task_runner.py:91} INFO - Job 57: Subtask upload_to_s3
[2025-03-26T03:01:41.152+0000] {logging_mixin.py:188} WARNING - /home/***/.local/lib/python3.12/site-packages/***/task/task_runner/standard_task_runner.py:61 DeprecationWarning: This process (pid=1104) is multi-threaded, use of fork() may lead to deadlocks in the child.
[2025-03-26T03:01:41.153+0000] {standard_task_runner.py:63} INFO - Started process 1117 to run task
[2025-03-26T03:01:41.234+0000] {task_command.py:426} INFO - Running <TaskInstance: api_to_s3_to_clickhouse.upload_to_s3 manual__2025-03-26T02:58:01.240688+00:00 [running]> on host 7ea2041f8442
[2025-03-26T03:01:41.395+0000] {taskinstance.py:2648} INFO - Exporting env vars: AIRFLOW_CTX_DAG_OWNER='***' AIRFLOW_CTX_DAG_ID='api_to_s3_to_clickhouse' AIRFLOW_CTX_TASK_ID='upload_to_s3' AIRFLOW_CTX_EXECUTION_DATE='2025-03-26T02:58:01.240688+00:00' AIRFLOW_CTX_TRY_NUMBER='1' AIRFLOW_CTX_DAG_RUN_ID='manual__2025-03-26T02:58:01.240688+00:00'
[2025-03-26T03:01:41.397+0000] {taskinstance.py:430} INFO - ::endgroup::
[2025-03-26T03:01:41.461+0000] {credentials.py:1147} INFO - Found credentials in environment variables.
[2025-03-26T03:01:47.963+0000] {logging_mixin.py:188} INFO - ✅ Uploaded to S3: s3://my-tf-data-bucket-hackathon/raw/all_college_data.json
[2025-03-26T03:01:47.965+0000] {python.py:237} INFO - Done. Returned value was: None
[2025-03-26T03:01:47.966+0000] {taskinstance.py:441} INFO - ::group::Post task execution logs
[2025-03-26T03:01:47.984+0000] {taskinstance.py:1206} INFO - Marking task as SUCCESS. dag_id=api_to_s3_to_clickhouse, task_id=upload_to_s3, run_id=manual__2025-03-26T02:58:01.240688+00:00, execution_date=20250326T025801, start_date=20250326T030141, end_date=20250326T030147
[2025-03-26T03:01:48.041+0000] {local_task_job_runner.py:240} INFO - Task exited with return code 0
[2025-03-26T03:01:48.088+0000] {taskinstance.py:3503} INFO - 1 downstream tasks scheduled from follow-on schedule check
[2025-03-26T03:01:48.095+0000] {local_task_job_runner.py:222} INFO - ::endgroup::
